<?xml version="1.0" encoding="UTF-8"?>
<testng-results ignored="0" total="3" passed="3" failed="0" skipped="0">
  <reporter-output>
  </reporter-output>
  <suite started-at="2025-04-15T09:18:54 IST" name="Suite" finished-at="2025-04-15T09:21:05 IST" duration-ms="130207">
    <groups>
      <group name="cucumber">
        <method signature="AbstractTestNGCucumberTests.runScenario(io.cucumber.testng.PickleWrapper,io.cucumber.testng.FeatureWrapper)[pri:0, instance:org.openmrs.testrunner.TestRunner@55b699ef]" name="runScenario" class="io.cucumber.testng.AbstractTestNGCucumberTests"/>
      </group> <!-- cucumber -->
    </groups>
    <test started-at="2025-04-15T09:18:54 IST" name="Test" finished-at="2025-04-15T09:21:05 IST" duration-ms="130207">
      <class name="org.openmrs.testrunner.TestRunner">
        <test-method is-config="true" signature="setUpClass(org.testng.ITestContext)[pri:0, instance:org.openmrs.testrunner.TestRunner@55b699ef]" started-at="2025-04-15T09:18:55 IST" name="setUpClass" finished-at="2025-04-15T09:18:56 IST" duration-ms="1430" status="PASS">
          <params>
            <param index="0">
              <value>
                <![CDATA[org.testng.TestRunner@1f71194d]]>
              </value>
            </param>
          </params>
          <reporter-output>
          </reporter-output>
        </test-method> <!-- setUpClass -->
        <test-method signature="runScenario(io.cucumber.testng.PickleWrapper,io.cucumber.testng.FeatureWrapper)[pri:0, instance:org.openmrs.testrunner.TestRunner@55b699ef]" started-at="2025-04-15T09:18:56 IST" name="runScenario" description="Runs Cucumber Scenarios" data-provider="scenarios" finished-at="2025-04-15T09:19:53 IST" duration-ms="56837" status="PASS">
          <params>
            <param index="0">
              <value>
                <![CDATA["Register multiple patient with valid details"]]>
              </value>
            </param>
            <param index="1">
              <value>
                <![CDATA["Register Patient Feature"]]>
              </value>
            </param>
          </params>
          <reporter-output>
          </reporter-output>
        </test-method> <!-- runScenario -->
        <test-method signature="runScenario(io.cucumber.testng.PickleWrapper,io.cucumber.testng.FeatureWrapper)[pri:0, instance:org.openmrs.testrunner.TestRunner@55b699ef]" started-at="2025-04-15T09:19:53 IST" name="runScenario" description="Runs Cucumber Scenarios" data-provider="scenarios" finished-at="2025-04-15T09:20:28 IST" duration-ms="34793" status="PASS">
          <params>
            <param index="0">
              <value>
                <![CDATA["Register multiple patient with valid details"]]>
              </value>
            </param>
            <param index="1">
              <value>
                <![CDATA["Register Patient Feature"]]>
              </value>
            </param>
          </params>
          <reporter-output>
          </reporter-output>
        </test-method> <!-- runScenario -->
        <test-method signature="runScenario(io.cucumber.testng.PickleWrapper,io.cucumber.testng.FeatureWrapper)[pri:0, instance:org.openmrs.testrunner.TestRunner@55b699ef]" started-at="2025-04-15T09:20:28 IST" name="runScenario" description="Runs Cucumber Scenarios" data-provider="scenarios" finished-at="2025-04-15T09:21:02 IST" duration-ms="34155" status="PASS">
          <params>
            <param index="0">
              <value>
                <![CDATA["Register multiple patient with valid details"]]>
              </value>
            </param>
            <param index="1">
              <value>
                <![CDATA["Register Patient Feature"]]>
              </value>
            </param>
          </params>
          <reporter-output>
          </reporter-output>
        </test-method> <!-- runScenario -->
        <test-method is-config="true" signature="tearDownClass()[pri:0, instance:org.openmrs.testrunner.TestRunner@55b699ef]" started-at="2025-04-15T09:21:02 IST" name="tearDownClass" finished-at="2025-04-15T09:21:05 IST" duration-ms="2764" status="PASS">
          <reporter-output>
          </reporter-output>
        </test-method> <!-- tearDownClass -->
      </class> <!-- org.openmrs.testrunner.TestRunner -->
    </test> <!-- Test -->
  </suite> <!-- Suite -->
</testng-results>
