<?xml version="1.0" encoding="UTF-8"?>
<testng-results ignored="0" total="3" passed="3" failed="0" skipped="0">
  <reporter-output>
  </reporter-output>
  <suite started-at="2025-04-13T10:37:06 IST" name="Default suite" finished-at="2025-04-13T10:37:07 IST" duration-ms="1115">
    <groups>
      <group name="cucumber">
        <method signature="AbstractTestNGCucumberTests.runScenario(io.cucumber.testng.PickleWrapper,io.cucumber.testng.FeatureWrapper)[pri:0, instance:org.openmrs.testrunner.TestRunner@47eaca72]" name="runScenario" class="io.cucumber.testng.AbstractTestNGCucumberTests"/>
      </group> <!-- cucumber -->
    </groups>
    <test started-at="2025-04-13T10:37:06 IST" name="Default test" finished-at="2025-04-13T10:37:07 IST" duration-ms="1115">
      <class name="org.openmrs.testrunner.TestRunner">
        <test-method is-config="true" signature="setUpClass(org.testng.ITestContext)[pri:0, instance:org.openmrs.testrunner.TestRunner@47eaca72]" started-at="2025-04-13T10:37:06 IST" name="setUpClass" finished-at="2025-04-13T10:37:07 IST" duration-ms="650" status="PASS">
          <params>
            <param index="0">
              <value>
                <![CDATA[org.testng.TestRunner@59b38691]]>
              </value>
            </param>
          </params>
          <reporter-output>
          </reporter-output>
        </test-method> <!-- setUpClass -->
        <test-method signature="runScenario(io.cucumber.testng.PickleWrapper,io.cucumber.testng.FeatureWrapper)[pri:0, instance:org.openmrs.testrunner.TestRunner@47eaca72]" started-at="2025-04-13T10:37:07 IST" name="runScenario" description="Runs Cucumber Scenarios" data-provider="scenarios" finished-at="2025-04-13T10:37:07 IST" duration-ms="271" status="PASS">
          <params>
            <param index="0">
              <value>
                <![CDATA["Delete Multiple Patients record"]]>
              </value>
            </param>
            <param index="1">
              <value>
                <![CDATA["Delete Patient reacord feature"]]>
              </value>
            </param>
          </params>
          <reporter-output>
          </reporter-output>
        </test-method> <!-- runScenario -->
        <test-method signature="runScenario(io.cucumber.testng.PickleWrapper,io.cucumber.testng.FeatureWrapper)[pri:0, instance:org.openmrs.testrunner.TestRunner@47eaca72]" started-at="2025-04-13T10:37:07 IST" name="runScenario" description="Runs Cucumber Scenarios" data-provider="scenarios" finished-at="2025-04-13T10:37:07 IST" duration-ms="41" status="PASS">
          <params>
            <param index="0">
              <value>
                <![CDATA["Delete Multiple Patients record"]]>
              </value>
            </param>
            <param index="1">
              <value>
                <![CDATA["Delete Patient reacord feature"]]>
              </value>
            </param>
          </params>
          <reporter-output>
          </reporter-output>
        </test-method> <!-- runScenario -->
        <test-method signature="runScenario(io.cucumber.testng.PickleWrapper,io.cucumber.testng.FeatureWrapper)[pri:0, instance:org.openmrs.testrunner.TestRunner@47eaca72]" started-at="2025-04-13T10:37:07 IST" name="runScenario" description="Runs Cucumber Scenarios" data-provider="scenarios" finished-at="2025-04-13T10:37:07 IST" duration-ms="27" status="PASS">
          <params>
            <param index="0">
              <value>
                <![CDATA["Delete Multiple Patients record"]]>
              </value>
            </param>
            <param index="1">
              <value>
                <![CDATA["Delete Patient reacord feature"]]>
              </value>
            </param>
          </params>
          <reporter-output>
          </reporter-output>
        </test-method> <!-- runScenario -->
        <test-method is-config="true" signature="tearDownClass()[pri:0, instance:org.openmrs.testrunner.TestRunner@47eaca72]" started-at="2025-04-13T10:37:07 IST" name="tearDownClass" finished-at="2025-04-13T10:37:07 IST" duration-ms="14" status="PASS">
          <reporter-output>
          </reporter-output>
        </test-method> <!-- tearDownClass -->
      </class> <!-- org.openmrs.testrunner.TestRunner -->
    </test> <!-- Default test -->
  </suite> <!-- Default suite -->
</testng-results>
